#
# This file is autogenerated by pip-compile with Python 3.11
# by the following command:
#
#    pip-compile --output-file=dependencies.log
#
backoff==2.2.1
    # via
    #   opentelemetry-exporter-otlp-proto-common
    #   opentelemetry-exporter-otlp-proto-http
certifi==2023.7.22
    # via requests
charset-normalizer==3.3.0
    # via requests
coloredlogs==15.0.1
    # via wipac-telemetry (setup.py)
deprecated==1.2.14
    # via
    #   opentelemetry-api
    #   opentelemetry-exporter-otlp-proto-http
googleapis-common-protos==1.56.2
    # via
    #   opentelemetry-exporter-jaeger-proto-grpc
    #   opentelemetry-exporter-otlp-proto-http
grpcio==1.59.0
    # via opentelemetry-exporter-jaeger-proto-grpc
humanfriendly==10.0
    # via coloredlogs
idna==3.4
    # via requests
importlib-metadata==6.8.0
    # via opentelemetry-api
opentelemetry-api==1.20.0
    # via
    #   opentelemetry-exporter-jaeger-proto-grpc
    #   opentelemetry-exporter-jaeger-thrift
    #   opentelemetry-exporter-otlp-proto-http
    #   opentelemetry-sdk
    #   wipac-telemetry (setup.py)
opentelemetry-exporter-jaeger==1.20.0
    # via wipac-telemetry (setup.py)
opentelemetry-exporter-jaeger-proto-grpc==1.20.0
    # via opentelemetry-exporter-jaeger
opentelemetry-exporter-jaeger-thrift==1.20.0
    # via opentelemetry-exporter-jaeger
opentelemetry-exporter-otlp-proto-common==1.20.0
    # via opentelemetry-exporter-otlp-proto-http
opentelemetry-exporter-otlp-proto-http==1.20.0
    # via wipac-telemetry (setup.py)
opentelemetry-proto==1.20.0
    # via
    #   opentelemetry-exporter-otlp-proto-common
    #   opentelemetry-exporter-otlp-proto-http
opentelemetry-sdk==1.20.0
    # via
    #   opentelemetry-exporter-jaeger-proto-grpc
    #   opentelemetry-exporter-jaeger-thrift
    #   opentelemetry-exporter-otlp-proto-http
    #   wipac-telemetry (setup.py)
opentelemetry-semantic-conventions==0.41b0
    # via opentelemetry-sdk
protobuf==3.20.3
    # via
    #   googleapis-common-protos
    #   opentelemetry-proto
    #   wipac-telemetry (setup.py)
requests==2.31.0
    # via
    #   opentelemetry-exporter-otlp-proto-http
    #   wipac-dev-tools
six==1.16.0
    # via thrift
thrift==0.16.0
    # via opentelemetry-exporter-jaeger-thrift
typing-extensions==4.8.0
    # via
    #   opentelemetry-sdk
    #   wipac-dev-tools
    #   wipac-telemetry (setup.py)
urllib3==2.0.6
    # via requests
wipac-dev-tools==1.7.0
    # via wipac-telemetry (setup.py)
wrapt==1.15.0
    # via deprecated
zipp==3.17.0
    # via importlib-metadata
